<?xml version="1.0" encoding="UTF-8"?>
<!-- Generated by org.testng.reporters.JUnitXMLReporter -->
<testsuite ignored="0" hostname="AB-LPT-HYD-108" failures="0" tests="4" name="Chrome Test" time="97.697" errors="0" timestamp="2025-02-19T16:02:04 IST">
  <testcase classname="testCases.AddEmployeeTest" name="addEmployee" time="26.239"/>
  <testcase classname="testCases.NotExistEmployeeDetailsTest" name="notExistEmployeeDetails" time="11.069"/>
  <testcase classname="testCases.ExistEmployeeDetailsTest" name="existEmployeeDetails" time="10.426"/>
  <testcase classname="testCases.DeleteEmployeeTest" name="deleteEmployee" time="12.456"/>
</testsuite> <!-- Chrome Test -->
