<?xml version="1.0" encoding="UTF-8"?>
<!-- Generated by org.testng.reporters.JUnitXMLReporter -->
<testsuite ignored="0" hostname="AB-LPT-HYD-108" failures="0" tests="5" name="Edge Test" time="121.53" errors="0" timestamp="2025-02-19T16:02:28 IST">
  <testcase classname="testCases.AddEmployeeTest" name="addEmployee" time="26.866"/>
  <testcase classname="testCases.NotExistEmployeeDetailsTest" name="notExistEmployeeDetails" time="11.03"/>
  <testcase classname="testCases.ExistEmployeeDetailsTest" name="existEmployeeDetails" time="9.477">
    <skipped/>
  </testcase> <!-- existEmployeeDetails -->
  <testcase classname="testCases.ExistEmployeeDetailsTest" name="existEmployeeDetails" time="12.423"/>
  <testcase classname="testCases.DeleteEmployeeTest" name="deleteEmployee" time="12.257"/>
</testsuite> <!-- Edge Test -->
