<?xml version="1.0" encoding="UTF-8"?>
<!-- Generated by org.testng.reporters.JUnitXMLReporter -->
<testsuite ignored="0" hostname="AB-LPT-HYD-108" failures="0" tests="4" name="Firefox Test" time="105.675" errors="0" timestamp="2025-02-19T16:02:12 IST">
  <testcase classname="testCases.AddEmployeeTest" name="addEmployee" time="26.577"/>
  <testcase classname="testCases.NotExistEmployeeDetailsTest" name="notExistEmployeeDetails" time="12.385"/>
  <testcase classname="testCases.ExistEmployeeDetailsTest" name="existEmployeeDetails" time="11.712"/>
  <testcase classname="testCases.DeleteEmployeeTest" name="deleteEmployee" time="13.374"/>
</testsuite> <!-- Firefox Test -->
