<?xml version="1.0" encoding="UTF-8"?>
<!-- Generated by org.testng.reporters.JUnitXMLReporter -->
<testsuite ignored="0" hostname="AB-LPT-HYD-108" failures="0" tests="4" name="Test" time="54.757" errors="0" timestamp="2025-02-07T14:17:57 IST">
  <testcase classname="testCases.AddEmployeeTest" name="addEmployee" time="12.201"/>
  <testcase classname="testCases.ExistEmployeeDetailsTest" name="existEmployeeDetails" time="5.801"/>
  <testcase classname="testCases.NotExistEmployeeDetailsTest" name="notExistEmployeeDetails" time="6.76"/>
  <testcase classname="testCases.DeleteEmployeeTest" name="deleteEmployee" time="6.638"/>
</testsuite> <!-- Test -->
