<?xml version="1.0" encoding="UTF-8"?>
<!-- Generated by org.testng.reporters.JUnitXMLReporter -->
<testsuite ignored="0" hostname="AB-LPT-HYD-108" failures="0" tests="5" name="Test" time="78.849" errors="0" timestamp="2025-01-28T15:16:15 IST">
  <testcase classname="testCases.AddEmployeeTest" name="addEmployee" time="10.25"/>
  <testcase classname="testCases.ExistEmployeeDetailsTest" name="existEmployeeDetails" time="13.578">
    <skipped/>
  </testcase> <!-- existEmployeeDetails -->
  <testcase classname="testCases.ExistEmployeeDetailsTest" name="existEmployeeDetails" time="10.297">
    <skipped/>
  </testcase> <!-- existEmployeeDetails -->
  <testcase classname="testCases.ExistEmployeeDetailsTest" name="existEmployeeDetails" time="6.149"/>
  <testcase classname="testCases.NotExistEmployeeDetailsTest" name="notExistEmployeeDetails" time="6.223"/>
</testsuite> <!-- Test -->
