<?xml version="1.0" encoding="UTF-8"?>
<!-- Generated by org.testng.reporters.JUnitXMLReporter -->
<testsuite ignored="0" hostname="AB-LPT-HYD-108" failures="0" tests="5" name="Chrome Test" time="72.207" errors="0" timestamp="2025-02-19T19:00:05 IST">
  <testcase classname="testCases.AddEmployeeTest" name="addEmployee" time="19.303"/>
  <testcase classname="testCases.NotExistEmployeeDetailsTest" name="notExistEmployeeDetails" time="5.759"/>
  <testcase classname="testCases.ExistEmployeeDetailsTest" name="existEmployeeDetails" time="4.2">
    <skipped/>
  </testcase> <!-- existEmployeeDetails -->
  <testcase classname="testCases.ExistEmployeeDetailsTest" name="existEmployeeDetails" time="5.743"/>
  <testcase classname="testCases.DeleteEmployeeTest" name="deleteEmployee" time="12.692"/>
</testsuite> <!-- Chrome Test -->
