<?xml version="1.0" encoding="UTF-8"?>
<!-- Generated by org.testng.reporters.JUnitXMLReporter -->
<testsuite ignored="0" hostname="AB-LPT-HYD-108" failures="0" tests="4" name="Edge Test" time="75.733" errors="0" timestamp="2025-02-19T19:00:08 IST">
  <testcase classname="testCases.AddEmployeeTest" name="addEmployee" time="19.489"/>
  <testcase classname="testCases.NotExistEmployeeDetailsTest" name="notExistEmployeeDetails" time="6.27"/>
  <testcase classname="testCases.ExistEmployeeDetailsTest" name="existEmployeeDetails" time="5.867"/>
  <testcase classname="testCases.DeleteEmployeeTest" name="deleteEmployee" time="13.163"/>
</testsuite> <!-- Edge Test -->
