<?xml version="1.0" encoding="UTF-8"?>
<!-- Generated by org.testng.reporters.JUnitXMLReporter -->
<testsuite ignored="0" hostname="AB-LPT-HYD-108" failures="0" tests="5" name="Firefox Test" time="100.758" errors="0" timestamp="2025-02-19T19:00:33 IST">
  <testcase classname="testCases.AddEmployeeTest" name="addEmployee" time="20.61"/>
  <testcase classname="testCases.NotExistEmployeeDetailsTest" name="notExistEmployeeDetails" time="6.81"/>
  <testcase classname="testCases.ExistEmployeeDetailsTest" name="existEmployeeDetails" time="4.842">
    <skipped/>
  </testcase> <!-- existEmployeeDetails -->
  <testcase classname="testCases.ExistEmployeeDetailsTest" name="existEmployeeDetails" time="5.711"/>
  <testcase classname="testCases.DeleteEmployeeTest" name="deleteEmployee" time="10.353"/>
</testsuite> <!-- Firefox Test -->
