<?xml version="1.0" encoding="UTF-8"?>
<!-- Generated by org.testng.reporters.JUnitXMLReporter -->
<testsuite ignored="0" hostname="AB-LPT-HYD-108" failures="0" tests="8" name="Test" time="88.539" errors="0" timestamp="2025-02-03T10:31:46 IST">
  <testcase classname="testCases.AddEmployeeTest" name="addEmployee" time="9.219">
    <skipped/>
  </testcase> <!-- addEmployee -->
  <testcase classname="testCases.AddEmployeeTest" name="addEmployee" time="10.332"/>
  <testcase classname="testCases.ExistEmployeeDetailsTest" name="existEmployeeDetails" time="4.681">
    <skipped/>
  </testcase> <!-- existEmployeeDetails -->
  <testcase classname="testCases.ExistEmployeeDetailsTest" name="existEmployeeDetails" time="4.942">
    <skipped/>
  </testcase> <!-- existEmployeeDetails -->
  <testcase classname="testCases.ExistEmployeeDetailsTest" name="existEmployeeDetails" time="4.738">
    <skipped/>
  </testcase> <!-- existEmployeeDetails -->
  <testcase classname="testCases.ExistEmployeeDetailsTest" name="existEmployeeDetails" time="5.969"/>
  <testcase classname="testCases.NotExistEmployeeDetailsTest" name="notExistEmployeeDetails" time="5.577"/>
  <testcase classname="testCases.DeleteEmployeeTest" name="deleteEmployee" time="5.934"/>
</testsuite> <!-- Test -->
