<?xml version="1.0" encoding="UTF-8"?>
<!-- Generated by org.testng.reporters.JUnitXMLReporter -->
<testsuite ignored="0" hostname="AB-LPT-HYD-108" failures="0" tests="5" name="Test" time="79.397" errors="0" timestamp="2025-02-06T17:06:33 IST">
  <testcase classname="testCases.AddEmployeeTest" name="addEmployee" time="16.641"/>
  <testcase classname="testCases.ExistEmployeeDetailsTest" name="existEmployeeDetails" time="6.022">
    <skipped/>
  </testcase> <!-- existEmployeeDetails -->
  <testcase classname="testCases.ExistEmployeeDetailsTest" name="existEmployeeDetails" time="6.415"/>
  <testcase classname="testCases.NotExistEmployeeDetailsTest" name="notExistEmployeeDetails" time="6.665"/>
  <testcase classname="testCases.DeleteEmployeeTest" name="deleteEmployee" time="7.012"/>
</testsuite> <!-- Test -->
