<?xml version="1.0" encoding="UTF-8"?>
<!-- Generated by org.testng.reporters.JUnitXMLReporter -->
<testsuite ignored="2" hostname="AB-LPT-HYD-108" failures="0" tests="3" name="Test(failed)" time="47.913" errors="0" timestamp="2025-01-21T10:16:38 IST">
  <testcase classname="testCases.AddEmployeeTest" name="addEmployee" time="8.125">
    <skipped/>
  </testcase> <!-- addEmployee -->
  <testcase classname="testCases.AddEmployeeTest" name="addEmployee" time="10.079">
    <skipped/>
  </testcase> <!-- addEmployee -->
  <testcase classname="testCases.AddEmployeeTest" name="addEmployee" time="10.061">
    <skipped/>
  </testcase> <!-- addEmployee -->
  <testcase classname="testBase.BaseClass" name="@AfterTest tearDown" time="0.0">
    <ignored/>
  </testcase> <!-- @AfterTest tearDown -->
  <testcase classname="testBase.BaseClass" name="@BeforeTest setup" time="0.0">
    <ignored/>
  </testcase> <!-- @BeforeTest setup -->
</testsuite> <!-- Test(failed) -->
