<?xml version="1.0" encoding="UTF-8"?>
<testsuite xmlns:xsi="http://www.w3.org/2001/XMLSchema-instance" xsi:noNamespaceSchemaLocation="https://maven.apache.org/surefire/maven-surefire-plugin/xsd/surefire-test-report.xsd" version="3.0.2" name="TestSuite" time="90.142" tests="8" errors="0" skipped="4" failures="0">
  <properties>
[...]
</properties>
  <testcase name="addEmployee" classname="testCases.AddEmployeeTest" time="0.0">
    <skipped message="null"/>
    <system-out><![CDATA[Java8130!!!!!!!!!!!!
]]></system-out>
    <system-err><![CDATA[Feb 03, 2025 10:30:19 AM org.openqa.selenium.devtools.CdpVersionFinder findNearestMatch
WARNING: Unable to find an exact match for CDP version 132, returning the closest version; found: 131; Please update to a Selenium version that supports CDP version 132
]]></system-err>
  </testcase>
  <testcase name="addEmployee" classname="testCases.AddEmployeeTest" time="10.331">
    <system-out><![CDATA[Java8152!!!!!!!!!!!!
]]></system-out>
    <system-err><![CDATA[Feb 03, 2025 10:30:35 AM org.openqa.selenium.devtools.CdpVersionFinder findNearestMatch
WARNING: Unable to find an exact match for CDP version 132, returning the closest version; found: 131; Please update to a Selenium version that supports CDP version 132
]]></system-err>
  </testcase>
  <testcase name="existEmployeeDetails" classname="testCases.ExistEmployeeDetailsTest" time="0.0">
    <skipped message="null"/>
    <system-err><![CDATA[Feb 03, 2025 10:30:50 AM org.openqa.selenium.devtools.CdpVersionFinder findNearestMatch
WARNING: Unable to find an exact match for CDP version 132, returning the closest version; found: 131; Please update to a Selenium version that supports CDP version 132
]]></system-err>
  </testcase>
  <testcase name="existEmployeeDetails" classname="testCases.ExistEmployeeDetailsTest" time="0.0">
    <skipped message="null"/>
    <system-err><![CDATA[Feb 03, 2025 10:30:59 AM org.openqa.selenium.devtools.CdpVersionFinder findNearestMatch
WARNING: Unable to find an exact match for CDP version 132, returning the closest version; found: 131; Please update to a Selenium version that supports CDP version 132
]]></system-err>
  </testcase>
  <testcase name="existEmployeeDetails" classname="testCases.ExistEmployeeDetailsTest" time="0.0">
    <skipped message="null"/>
    <system-err><![CDATA[Feb 03, 2025 10:31:08 AM org.openqa.selenium.devtools.CdpVersionFinder findNearestMatch
WARNING: Unable to find an exact match for CDP version 132, returning the closest version; found: 131; Please update to a Selenium version that supports CDP version 132
]]></system-err>
  </testcase>
  <testcase name="existEmployeeDetails" classname="testCases.ExistEmployeeDetailsTest" time="5.97">
    <system-err><![CDATA[Feb 03, 2025 10:31:17 AM org.openqa.selenium.devtools.CdpVersionFinder findNearestMatch
WARNING: Unable to find an exact match for CDP version 132, returning the closest version; found: 131; Please update to a Selenium version that supports CDP version 132
]]></system-err>
  </testcase>
  <testcase name="notExistEmployeeDetails" classname="testCases.NotExistEmployeeDetailsTest" time="5.577">
    <system-err><![CDATA[Feb 03, 2025 10:31:28 AM org.openqa.selenium.devtools.CdpVersionFinder findNearestMatch
WARNING: Unable to find an exact match for CDP version 132, returning the closest version; found: 131; Please update to a Selenium version that supports CDP version 132
]]></system-err>
  </testcase>
  <testcase name="deleteEmployee" classname="testCases.DeleteEmployeeTest" time="5.933">
    <system-err><![CDATA[Feb 03, 2025 10:31:37 AM org.openqa.selenium.devtools.CdpVersionFinder findNearestMatch
WARNING: Unable to find an exact match for CDP version 132, returning the closest version; found: 131; Please update to a Selenium version that supports CDP version 132
]]></system-err>
  </testcase>
</testsuite>