<?xml version="1.0" encoding="UTF-8"?>
<testng-results retried="1" ignored="0" total="13" passed="12" failed="0" skipped="0">
  <reporter-output>
  </reporter-output>
  <suite started-at="2025-02-19T16:00:27 IST" name="Suite" finished-at="2025-02-19T16:02:28 IST" duration-ms="121531">
    <groups>
    </groups>
    <test started-at="2025-02-19T16:00:27 IST" name="Chrome Test" finished-at="2025-02-19T16:02:04 IST" duration-ms="97697">
      <class name="testCases.AddEmployeeTest">
        <test-method is-config="true" signature="setup(java.lang.String)[pri:0, instance:testCases.AddEmployeeTest@37afeb11]" started-at="2025-02-19T16:00:27 IST" name="setup" finished-at="2025-02-19T16:00:37 IST" duration-ms="9250" status="PASS">
          <params>
            <param index="0">
              <value>
                <![CDATA[Chrome]]>
              </value>
            </param>
          </params>
          <reporter-output>
          </reporter-output>
        </test-method> <!-- setup -->
        <test-method signature="addEmployee()[pri:0, instance:testCases.AddEmployeeTest@37afeb11]" started-at="2025-02-19T16:00:37 IST" name="addEmployee" finished-at="2025-02-19T16:01:03 IST" duration-ms="26239" status="PASS">
          <reporter-output>
          </reporter-output>
        </test-method> <!-- addEmployee -->
        <test-method is-config="true" signature="tearDown()[pri:0, instance:testCases.AddEmployeeTest@37afeb11]" started-at="2025-02-19T16:01:03 IST" name="tearDown" finished-at="2025-02-19T16:01:03 IST" duration-ms="433" status="PASS">
          <reporter-output>
          </reporter-output>
        </test-method> <!-- tearDown -->
      </class> <!-- testCases.AddEmployeeTest -->
      <class name="testCases.DeleteEmployeeTest">
        <test-method is-config="true" signature="setup(java.lang.String)[pri:0, instance:testCases.DeleteEmployeeTest@1a482e36]" started-at="2025-02-19T16:01:44 IST" name="setup" finished-at="2025-02-19T16:01:51 IST" duration-ms="7272" status="PASS">
          <params>
            <param index="0">
              <value>
                <![CDATA[Chrome]]>
              </value>
            </param>
          </params>
          <reporter-output>
          </reporter-output>
        </test-method> <!-- setup -->
        <test-method signature="deleteEmployee()[pri:0, instance:testCases.DeleteEmployeeTest@1a482e36]" started-at="2025-02-19T16:01:51 IST" name="deleteEmployee" finished-at="2025-02-19T16:02:04 IST" duration-ms="12456" status="PASS">
          <reporter-output>
          </reporter-output>
        </test-method> <!-- deleteEmployee -->
        <test-method is-config="true" signature="tearDown()[pri:0, instance:testCases.DeleteEmployeeTest@1a482e36]" started-at="2025-02-19T16:02:04 IST" name="tearDown" finished-at="2025-02-19T16:02:04 IST" duration-ms="401" status="PASS">
          <reporter-output>
          </reporter-output>
        </test-method> <!-- tearDown -->
      </class> <!-- testCases.DeleteEmployeeTest -->
      <class name="testCases.ExistEmployeeDetailsTest">
        <test-method is-config="true" signature="setup(java.lang.String)[pri:0, instance:testCases.ExistEmployeeDetailsTest@67c27493]" started-at="2025-02-19T16:01:26 IST" name="setup" finished-at="2025-02-19T16:01:33 IST" duration-ms="7814" status="PASS">
          <params>
            <param index="0">
              <value>
                <![CDATA[Chrome]]>
              </value>
            </param>
          </params>
          <reporter-output>
          </reporter-output>
        </test-method> <!-- setup -->
        <test-method signature="existEmployeeDetails()[pri:0, instance:testCases.ExistEmployeeDetailsTest@67c27493]" started-at="2025-02-19T16:01:33 IST" name="existEmployeeDetails" finished-at="2025-02-19T16:01:44 IST" duration-ms="10426" status="PASS">
          <reporter-output>
          </reporter-output>
        </test-method> <!-- existEmployeeDetails -->
        <test-method is-config="true" signature="tearDown()[pri:0, instance:testCases.ExistEmployeeDetailsTest@67c27493]" started-at="2025-02-19T16:01:44 IST" name="tearDown" finished-at="2025-02-19T16:01:44 IST" duration-ms="382" status="PASS">
          <reporter-output>
          </reporter-output>
        </test-method> <!-- tearDown -->
      </class> <!-- testCases.ExistEmployeeDetailsTest -->
      <class name="testCases.NotExistEmployeeDetailsTest">
        <test-method is-config="true" signature="setup(java.lang.String)[pri:0, instance:testCases.NotExistEmployeeDetailsTest@77fbd92c]" started-at="2025-02-19T16:01:03 IST" name="setup" finished-at="2025-02-19T16:01:14 IST" duration-ms="10909" status="PASS">
          <params>
            <param index="0">
              <value>
                <![CDATA[Chrome]]>
              </value>
            </param>
          </params>
          <reporter-output>
          </reporter-output>
        </test-method> <!-- setup -->
        <test-method signature="notExistEmployeeDetails()[pri:0, instance:testCases.NotExistEmployeeDetailsTest@77fbd92c]" started-at="2025-02-19T16:01:14 IST" name="notExistEmployeeDetails" finished-at="2025-02-19T16:01:25 IST" duration-ms="11069" status="PASS">
          <reporter-output>
          </reporter-output>
        </test-method> <!-- notExistEmployeeDetails -->
        <test-method is-config="true" signature="tearDown()[pri:0, instance:testCases.NotExistEmployeeDetailsTest@77fbd92c]" started-at="2025-02-19T16:01:25 IST" name="tearDown" finished-at="2025-02-19T16:01:26 IST" duration-ms="259" status="PASS">
          <reporter-output>
          </reporter-output>
        </test-method> <!-- tearDown -->
      </class> <!-- testCases.NotExistEmployeeDetailsTest -->
    </test> <!-- Chrome Test -->
    <test started-at="2025-02-19T16:00:27 IST" name="Firefox Test" finished-at="2025-02-19T16:02:12 IST" duration-ms="105675">
      <class name="testCases.AddEmployeeTest">
        <test-method is-config="true" signature="setup(java.lang.String)[pri:0, instance:testCases.AddEmployeeTest@3590fc5b]" started-at="2025-02-19T16:00:27 IST" name="setup" finished-at="2025-02-19T16:00:38 IST" duration-ms="10382" status="PASS">
          <params>
            <param index="0">
              <value>
                <![CDATA[Firefox]]>
              </value>
            </param>
          </params>
          <reporter-output>
          </reporter-output>
        </test-method> <!-- setup -->
        <test-method signature="addEmployee()[pri:0, instance:testCases.AddEmployeeTest@3590fc5b]" started-at="2025-02-19T16:00:38 IST" name="addEmployee" finished-at="2025-02-19T16:01:04 IST" duration-ms="26577" status="PASS">
          <reporter-output>
          </reporter-output>
        </test-method> <!-- addEmployee -->
        <test-method is-config="true" signature="tearDown()[pri:0, instance:testCases.AddEmployeeTest@3590fc5b]" started-at="2025-02-19T16:01:04 IST" name="tearDown" finished-at="2025-02-19T16:01:06 IST" duration-ms="1455" status="PASS">
          <reporter-output>
          </reporter-output>
        </test-method> <!-- tearDown -->
      </class> <!-- testCases.AddEmployeeTest -->
      <class name="testCases.DeleteEmployeeTest">
        <test-method is-config="true" signature="setup(java.lang.String)[pri:0, instance:testCases.DeleteEmployeeTest@515c6049]" started-at="2025-02-19T16:01:49 IST" name="setup" finished-at="2025-02-19T16:01:58 IST" duration-ms="8271" status="PASS">
          <params>
            <param index="0">
              <value>
                <![CDATA[Firefox]]>
              </value>
            </param>
          </params>
          <reporter-output>
          </reporter-output>
        </test-method> <!-- setup -->
        <test-method signature="deleteEmployee()[pri:0, instance:testCases.DeleteEmployeeTest@515c6049]" started-at="2025-02-19T16:01:58 IST" name="deleteEmployee" finished-at="2025-02-19T16:02:11 IST" duration-ms="13374" status="PASS">
          <reporter-output>
          </reporter-output>
        </test-method> <!-- deleteEmployee -->
        <test-method is-config="true" signature="tearDown()[pri:0, instance:testCases.DeleteEmployeeTest@515c6049]" started-at="2025-02-19T16:02:11 IST" name="tearDown" finished-at="2025-02-19T16:02:12 IST" duration-ms="1109" status="PASS">
          <reporter-output>
          </reporter-output>
        </test-method> <!-- tearDown -->
      </class> <!-- testCases.DeleteEmployeeTest -->
      <class name="testCases.ExistEmployeeDetailsTest">
        <test-method is-config="true" signature="setup(java.lang.String)[pri:0, instance:testCases.ExistEmployeeDetailsTest@33d512c1]" started-at="2025-02-19T16:01:28 IST" name="setup" finished-at="2025-02-19T16:01:36 IST" duration-ms="8310" status="PASS">
          <params>
            <param index="0">
              <value>
                <![CDATA[Firefox]]>
              </value>
            </param>
          </params>
          <reporter-output>
          </reporter-output>
        </test-method> <!-- setup -->
        <test-method signature="existEmployeeDetails()[pri:0, instance:testCases.ExistEmployeeDetailsTest@33d512c1]" started-at="2025-02-19T16:01:36 IST" name="existEmployeeDetails" finished-at="2025-02-19T16:01:48 IST" duration-ms="11712" status="PASS">
          <reporter-output>
          </reporter-output>
        </test-method> <!-- existEmployeeDetails -->
        <test-method is-config="true" signature="tearDown()[pri:0, instance:testCases.ExistEmployeeDetailsTest@33d512c1]" started-at="2025-02-19T16:01:48 IST" name="tearDown" finished-at="2025-02-19T16:01:49 IST" duration-ms="1320" status="PASS">
          <reporter-output>
          </reporter-output>
        </test-method> <!-- tearDown -->
      </class> <!-- testCases.ExistEmployeeDetailsTest -->
      <class name="testCases.NotExistEmployeeDetailsTest">
        <test-method is-config="true" signature="setup(java.lang.String)[pri:0, instance:testCases.NotExistEmployeeDetailsTest@397fbdb]" started-at="2025-02-19T16:01:06 IST" name="setup" finished-at="2025-02-19T16:01:15 IST" duration-ms="9071" status="PASS">
          <params>
            <param index="0">
              <value>
                <![CDATA[Firefox]]>
              </value>
            </param>
          </params>
          <reporter-output>
          </reporter-output>
        </test-method> <!-- setup -->
        <test-method signature="notExistEmployeeDetails()[pri:0, instance:testCases.NotExistEmployeeDetailsTest@397fbdb]" started-at="2025-02-19T16:01:15 IST" name="notExistEmployeeDetails" finished-at="2025-02-19T16:01:27 IST" duration-ms="12385" status="PASS">
          <reporter-output>
          </reporter-output>
        </test-method> <!-- notExistEmployeeDetails -->
        <test-method is-config="true" signature="tearDown()[pri:0, instance:testCases.NotExistEmployeeDetailsTest@397fbdb]" started-at="2025-02-19T16:01:27 IST" name="tearDown" finished-at="2025-02-19T16:01:28 IST" duration-ms="941" status="PASS">
          <reporter-output>
          </reporter-output>
        </test-method> <!-- tearDown -->
      </class> <!-- testCases.NotExistEmployeeDetailsTest -->
    </test> <!-- Firefox Test -->
    <test started-at="2025-02-19T16:00:27 IST" name="Edge Test" finished-at="2025-02-19T16:02:28 IST" duration-ms="121530">
      <class name="testCases.AddEmployeeTest">
        <test-method is-config="true" signature="setup(java.lang.String)[pri:0, instance:testCases.AddEmployeeTest@4802796d]" started-at="2025-02-19T16:00:27 IST" name="setup" finished-at="2025-02-19T16:00:40 IST" duration-ms="13051" status="PASS">
          <params>
            <param index="0">
              <value>
                <![CDATA[Edge]]>
              </value>
            </param>
          </params>
          <reporter-output>
          </reporter-output>
        </test-method> <!-- setup -->
        <test-method signature="addEmployee()[pri:0, instance:testCases.AddEmployeeTest@4802796d]" started-at="2025-02-19T16:00:40 IST" name="addEmployee" finished-at="2025-02-19T16:01:07 IST" duration-ms="26866" status="PASS">
          <reporter-output>
          </reporter-output>
        </test-method> <!-- addEmployee -->
        <test-method is-config="true" signature="tearDown()[pri:0, instance:testCases.AddEmployeeTest@4802796d]" started-at="2025-02-19T16:01:07 IST" name="tearDown" finished-at="2025-02-19T16:01:09 IST" duration-ms="1488" status="PASS">
          <reporter-output>
          </reporter-output>
        </test-method> <!-- tearDown -->
      </class> <!-- testCases.AddEmployeeTest -->
      <class name="testCases.DeleteEmployeeTest">
        <test-method is-config="true" signature="setup(java.lang.String)[pri:0, instance:testCases.DeleteEmployeeTest@65fb9ffc]" started-at="2025-02-19T16:02:07 IST" name="setup" finished-at="2025-02-19T16:02:14 IST" duration-ms="7276" status="PASS">
          <params>
            <param index="0">
              <value>
                <![CDATA[Edge]]>
              </value>
            </param>
          </params>
          <reporter-output>
          </reporter-output>
        </test-method> <!-- setup -->
        <test-method signature="deleteEmployee()[pri:0, instance:testCases.DeleteEmployeeTest@65fb9ffc]" started-at="2025-02-19T16:02:14 IST" name="deleteEmployee" finished-at="2025-02-19T16:02:27 IST" duration-ms="12257" status="PASS">
          <reporter-output>
          </reporter-output>
        </test-method> <!-- deleteEmployee -->
        <test-method is-config="true" signature="tearDown()[pri:0, instance:testCases.DeleteEmployeeTest@65fb9ffc]" started-at="2025-02-19T16:02:27 IST" name="tearDown" finished-at="2025-02-19T16:02:28 IST" duration-ms="1509" status="PASS">
          <reporter-output>
          </reporter-output>
        </test-method> <!-- tearDown -->
      </class> <!-- testCases.DeleteEmployeeTest -->
      <class name="testCases.ExistEmployeeDetailsTest">
        <test-method is-config="true" signature="setup(java.lang.String)[pri:0, instance:testCases.ExistEmployeeDetailsTest@59474f18]" started-at="2025-02-19T16:01:28 IST" name="setup" finished-at="2025-02-19T16:01:35 IST" duration-ms="6674" status="PASS">
          <params>
            <param index="0">
              <value>
                <![CDATA[Edge]]>
              </value>
            </param>
          </params>
          <reporter-output>
          </reporter-output>
        </test-method> <!-- setup -->
        <test-method retried="true" signature="existEmployeeDetails()[pri:0, instance:testCases.ExistEmployeeDetailsTest@59474f18]" started-at="2025-02-19T16:01:35 IST" name="existEmployeeDetails" finished-at="2025-02-19T16:01:45 IST" duration-ms="9477" status="SKIP">
          <exception class="java.lang.AssertionError">
            <message>
              <![CDATA[null]]>
            </message>
            <full-stacktrace>
              <![CDATA[java.lang.AssertionError: null
at org.testng.Assert.fail(Assert.java:99)
at org.testng.Assert.fail(Assert.java:106)
at testCases.ExistEmployeeDetailsTest.existEmployeeDetails(ExistEmployeeDetailsTest.java:56)
at java.base/jdk.internal.reflect.DirectMethodHandleAccessor.invoke(DirectMethodHandleAccessor.java:104)
at java.base/java.lang.reflect.Method.invoke(Method.java:577)
at org.testng.internal.MethodInvocationHelper.invokeMethod(MethodInvocationHelper.java:133)
at org.testng.internal.TestInvoker.invokeMethod(TestInvoker.java:598)
at org.testng.internal.TestInvoker.invokeTestMethod(TestInvoker.java:173)
at org.testng.internal.MethodRunner.runInSequence(MethodRunner.java:46)
at org.testng.internal.TestInvoker$MethodInvocationAgent.invoke(TestInvoker.java:824)
at org.testng.internal.TestInvoker.invokeTestMethods(TestInvoker.java:146)
at org.testng.internal.TestMethodWorker.invokeTestMethods(TestMethodWorker.java:146)
at org.testng.internal.TestMethodWorker.run(TestMethodWorker.java:128)
at java.base/java.util.ArrayList.forEach(ArrayList.java:1511)
at org.testng.TestRunner.privateRun(TestRunner.java:794)
at org.testng.TestRunner.run(TestRunner.java:596)
at org.testng.SuiteRunner.runTest(SuiteRunner.java:377)
at org.testng.SuiteRunner.access$000(SuiteRunner.java:28)
at org.testng.SuiteRunner$SuiteWorker.run(SuiteRunner.java:418)
at org.testng.internal.thread.ThreadUtil.lambda$execute$0(ThreadUtil.java:64)
at java.base/java.util.concurrent.FutureTask.run(FutureTask.java:264)
at java.base/java.util.concurrent.ThreadPoolExecutor.runWorker(ThreadPoolExecutor.java:1136)
at java.base/java.util.concurrent.ThreadPoolExecutor$Worker.run(ThreadPoolExecutor.java:635)
at java.base/java.lang.Thread.run(Thread.java:833)
]]>
            </full-stacktrace>
          </exception> <!-- java.lang.AssertionError -->
          <reporter-output>
          </reporter-output>
        </test-method> <!-- existEmployeeDetails -->
        <test-method is-config="true" signature="tearDown()[pri:0, instance:testCases.ExistEmployeeDetailsTest@59474f18]" started-at="2025-02-19T16:01:45 IST" name="tearDown" finished-at="2025-02-19T16:01:46 IST" duration-ms="1475" status="PASS">
          <reporter-output>
          </reporter-output>
        </test-method> <!-- tearDown -->
        <test-method is-config="true" signature="setup(java.lang.String)[pri:0, instance:testCases.ExistEmployeeDetailsTest@59474f18]" started-at="2025-02-19T16:01:46 IST" name="setup" finished-at="2025-02-19T16:01:53 IST" duration-ms="6995" status="PASS">
          <params>
            <param index="0">
              <value>
                <![CDATA[Edge]]>
              </value>
            </param>
          </params>
          <reporter-output>
          </reporter-output>
        </test-method> <!-- setup -->
        <test-method signature="existEmployeeDetails()[pri:0, instance:testCases.ExistEmployeeDetailsTest@59474f18]" started-at="2025-02-19T16:01:53 IST" name="existEmployeeDetails" finished-at="2025-02-19T16:02:06 IST" duration-ms="12423" status="PASS">
          <reporter-output>
          </reporter-output>
        </test-method> <!-- existEmployeeDetails -->
        <test-method is-config="true" signature="tearDown()[pri:0, instance:testCases.ExistEmployeeDetailsTest@59474f18]" started-at="2025-02-19T16:02:06 IST" name="tearDown" finished-at="2025-02-19T16:02:07 IST" duration-ms="1535" status="PASS">
          <reporter-output>
          </reporter-output>
        </test-method> <!-- tearDown -->
      </class> <!-- testCases.ExistEmployeeDetailsTest -->
      <class name="testCases.NotExistEmployeeDetailsTest">
        <test-method is-config="true" signature="setup(java.lang.String)[pri:0, instance:testCases.NotExistEmployeeDetailsTest@34123d65]" started-at="2025-02-19T16:01:09 IST" name="setup" finished-at="2025-02-19T16:01:16 IST" duration-ms="7232" status="PASS">
          <params>
            <param index="0">
              <value>
                <![CDATA[Edge]]>
              </value>
            </param>
          </params>
          <reporter-output>
          </reporter-output>
        </test-method> <!-- setup -->
        <test-method signature="notExistEmployeeDetails()[pri:0, instance:testCases.NotExistEmployeeDetailsTest@34123d65]" started-at="2025-02-19T16:01:16 IST" name="notExistEmployeeDetails" finished-at="2025-02-19T16:01:27 IST" duration-ms="11030" status="PASS">
          <reporter-output>
          </reporter-output>
        </test-method> <!-- notExistEmployeeDetails -->
        <test-method is-config="true" signature="tearDown()[pri:0, instance:testCases.NotExistEmployeeDetailsTest@34123d65]" started-at="2025-02-19T16:01:27 IST" name="tearDown" finished-at="2025-02-19T16:01:28 IST" duration-ms="1471" status="PASS">
          <reporter-output>
          </reporter-output>
        </test-method> <!-- tearDown -->
      </class> <!-- testCases.NotExistEmployeeDetailsTest -->
    </test> <!-- Edge Test -->
  </suite> <!-- Suite -->
</testng-results>
