<?xml version="1.0" encoding="UTF-8"?>
<testng-results ignored="0" total="1" passed="1" failed="0" skipped="0">
  <reporter-output>
  </reporter-output>
  <suite started-at="2025-01-31T11:15:06 IST" name="Default suite" finished-at="2025-01-31T11:15:16 IST" duration-ms="10641">
    <groups>
    </groups>
    <test started-at="2025-01-31T11:15:06 IST" name="Default test" finished-at="2025-01-31T11:15:16 IST" duration-ms="10641">
      <class name="testCases.DeleteEmployeeTest">
        <test-method is-config="true" signature="setup()[pri:0, instance:testCases.DeleteEmployeeTest@384ad17b]" started-at="2025-01-31T11:15:06 IST" name="setup" finished-at="2025-01-31T11:15:10 IST" duration-ms="4621" status="PASS">
          <reporter-output>
          </reporter-output>
        </test-method> <!-- setup -->
        <test-method signature="deleteEmployee()[pri:0, instance:testCases.DeleteEmployeeTest@384ad17b]" started-at="2025-01-31T11:15:10 IST" name="deleteEmployee" finished-at="2025-01-31T11:15:16 IST" duration-ms="5817" status="PASS">
          <reporter-output>
          </reporter-output>
        </test-method> <!-- deleteEmployee -->
        <test-method is-config="true" signature="tearDown()[pri:0, instance:testCases.DeleteEmployeeTest@384ad17b]" started-at="2025-01-31T11:15:16 IST" name="tearDown" finished-at="2025-01-31T11:15:16 IST" duration-ms="178" status="PASS">
          <reporter-output>
          </reporter-output>
        </test-method> <!-- tearDown -->
      </class> <!-- testCases.DeleteEmployeeTest -->
    </test> <!-- Default test -->
  </suite> <!-- Default suite -->
</testng-results>
